[DEBUG][24-03-18][org.apache.ibatis.logging.LogFactory]Logging initialized using 'class org.apache.ibatis.logging.log4j.Log4jImpl' adapter.
[DEBUG][24-03-18][org.apache.ibatis.logging.LogFactory]Logging initialized using 'class org.apache.ibatis.logging.log4j.Log4jImpl' adapter.
[DEBUG][24-03-18][org.apache.ibatis.datasource.pooled.PooledDataSource]PooledDataSource forcefully closed/removed all connections.
[DEBUG][24-03-18][org.apache.ibatis.datasource.pooled.PooledDataSource]PooledDataSource forcefully closed/removed all connections.
[DEBUG][24-03-18][org.apache.ibatis.datasource.pooled.PooledDataSource]PooledDataSource forcefully closed/removed all connections.
[DEBUG][24-03-18][org.apache.ibatis.datasource.pooled.PooledDataSource]PooledDataSource forcefully closed/removed all connections.
[DEBUG][24-03-18][org.apache.ibatis.transaction.jdbc.JdbcTransaction]Opening JDBC Connection
[DEBUG][24-03-18][org.apache.ibatis.datasource.pooled.PooledDataSource]Created connection 711327356.
[DEBUG][24-03-18][org.apache.ibatis.transaction.jdbc.JdbcTransaction]Setting autocommit to false on JDBC Connection [com.mysql.cj.jdbc.ConnectionImpl@2a65fe7c]
[DEBUG][24-03-18][com.simon.dao.UserDao.getUserByNameLike]==>  Preparing: select * from user where name like ?"%"
[DEBUG][24-03-18][com.simon.dao.UserDao.getUserByNameLike]==> Parameters: A(String)
[DEBUG][24-03-18][com.simon.dao.UserDao.getUserByNameLike]<==      Total: 2
[DEBUG][24-03-18][org.apache.ibatis.logging.LogFactory]Logging initialized using 'class org.apache.ibatis.logging.log4j.Log4jImpl' adapter.
[DEBUG][24-03-18][org.apache.ibatis.logging.LogFactory]Logging initialized using 'class org.apache.ibatis.logging.log4j.Log4jImpl' adapter.
[DEBUG][24-03-18][org.apache.ibatis.datasource.pooled.PooledDataSource]PooledDataSource forcefully closed/removed all connections.
[DEBUG][24-03-18][org.apache.ibatis.datasource.pooled.PooledDataSource]PooledDataSource forcefully closed/removed all connections.
[DEBUG][24-03-18][org.apache.ibatis.datasource.pooled.PooledDataSource]PooledDataSource forcefully closed/removed all connections.
[DEBUG][24-03-18][org.apache.ibatis.datasource.pooled.PooledDataSource]PooledDataSource forcefully closed/removed all connections.
[DEBUG][24-03-18][org.apache.ibatis.transaction.jdbc.JdbcTransaction]Opening JDBC Connection
[DEBUG][24-03-18][org.apache.ibatis.datasource.pooled.PooledDataSource]Created connection 711327356.
[DEBUG][24-03-18][org.apache.ibatis.transaction.jdbc.JdbcTransaction]Setting autocommit to false on JDBC Connection [com.mysql.cj.jdbc.ConnectionImpl@2a65fe7c]
[DEBUG][24-03-18][com.simon.dao.UserDao.getUserByNameLike]==>  Preparing: select * from user where name like ?"%"
[DEBUG][24-03-18][com.simon.dao.UserDao.getUserByNameLike]==> Parameters: A(String)
[DEBUG][24-03-18][com.simon.dao.UserDao.getUserByNameLike]<==      Total: 2
[DEBUG][24-03-18][org.apache.ibatis.transaction.jdbc.JdbcTransaction]Resetting autocommit to true on JDBC Connection [com.mysql.cj.jdbc.ConnectionImpl@2a65fe7c]
[DEBUG][24-03-18][org.apache.ibatis.transaction.jdbc.JdbcTransaction]Closing JDBC Connection [com.mysql.cj.jdbc.ConnectionImpl@2a65fe7c]
[DEBUG][24-03-18][org.apache.ibatis.datasource.pooled.PooledDataSource]Returned connection 711327356 to pool.
